<?xml version="1.0" encoding="UTF-8"?>
<!-- Generated by org.testng.reporters.JUnitXMLReporter -->
<testsuite ignored="0" hostname="LAPTOP-IR3JTI9R" failures="0" tests="2" name="KeyPressesTests" time="11.805" errors="0" timestamp="2023-05-11T08:20:48 EDT">
  <testcase classname="com.herokuapp.theinternet.keypressestests.KeyPressesTests" name="pressKeyTest" time="0.559"/>
  <testcase classname="com.herokuapp.theinternet.keypressestests.KeyPressesTests" name="pressKeyWithActionsTest" time="0.779"/>
</testsuite> <!-- KeyPressesTests -->
